#
# There is insufficient memory for the Java Runtime Environment to continue.
# Native memory allocation (mmap) failed to map 132120576 bytes for G1 virtual space
# Possible reasons:
#   The system is out of physical RAM or swap space
#   The process is running with CompressedOops enabled, and the Java Heap may be blocking the growth of the native heap
# Possible solutions:
#   Reduce memory load on the system
#   Increase physical memory or swap space
#   Check if swap backing store is full
#   Decrease Java heap size (-Xmx/-Xms)
#   Decrease number of Java threads
#   Decrease Java thread stack sizes (-Xss)
#   Set larger code cache with -XX:ReservedCodeCacheSize=
#   JVM is running with Unscaled Compressed Oops mode in which the Java heap is
#     placed in the first 4GB address space. The Java Heap base address is the
#     maximum limit for the native heap growth. Please use -XX:HeapBaseMinAddress
#     to set the Java Heap base and to place the Java Heap above 4GB virtual address.
# This output file may be truncated or incomplete.
#
#  Out of Memory Error (os_windows.cpp:3829), pid=20840, tid=17260
#
# JRE version:  (17.0.8+7) (build )
# Java VM: OpenJDK 64-Bit Server VM (17.0.8+7-b1000.8, mixed mode, sharing, tiered, compressed oops, compressed class ptrs, g1 gc, windows-amd64)
# No core dump will be written. Minidumps are not enabled by default on client versions of Windows
#

---------------  S U M M A R Y ------------

Command Line: git4idea.http.GitAskPassApp Username for 'https://github.com': 

Host: Intel(R) Core(TM) i5-10210U CPU @ 1.60GHz, 8 cores, 7G,  Windows 11 , 64 bit Build 22621 (10.0.22621.3235)
Time: Sat Apr  6 11:04:00 2024 SE Asia Standard Time elapsed time: 0.209748 seconds (0d 0h 0m 0s)

---------------  T H R E A D  ---------------

Current thread (0x00000231f7cad730):  JavaThread "Unknown thread" [_thread_in_vm, id=17260, stack(0x000000f00f400000,0x000000f00f500000)]

Stack: [0x000000f00f400000,0x000000f00f500000]
Native frames: (J=compiled Java code, j=interpreted, Vv=VM code, C=native code)
V  [jvm.dll+0x6852da]
V  [jvm.dll+0x844c84]
V  [jvm.dll+0x84659e]
V  [jvm.dll+0x846c03]
V  [jvm.dll+0x24b7cf]
V  [jvm.dll+0x682049]
V  [jvm.dll+0x67671a]
V  [jvm.dll+0x30be2b]
V  [jvm.dll+0x3132d6]
V  [jvm.dll+0x36302e]
V  [jvm.dll+0x36325f]
V  [jvm.dll+0x2e1f48]
V  [jvm.dll+0x2e2eb4]
V  [jvm.dll+0x815c11]
V  [jvm.dll+0x370df1]
V  [jvm.dll+0x7f4fdc]
V  [jvm.dll+0x3f3f1f]
V  [jvm.dll+0x3f5b31]
C  [jli.dll+0x528f]
C  [ucrtbase.dll+0x29363]
C  [KERNEL32.DLL+0x1257d]
C  [ntdll.dll+0x5aa58]


---------------  P R O C E S S  ---------------

Threads class SMR info:
_java_thread_list=0x00007fff14b90098, length=0, elements={
}

Java Threads: ( => current thread )

Other Threads:
  0x00000231f7d066c0 GCTaskThread "GC Thread#0" [stack: 0x000000f00f500000,0x000000f00f600000] [id=2540]
  0x00000231f7d17150 ConcurrentGCThread "G1 Main Marker" [stack: 0x000000f00f600000,0x000000f00f700000] [id=24924]
  0x00000231f7d17b60 ConcurrentGCThread "G1 Conc#0" [stack: 0x000000f00f700000,0x000000f00f800000] [id=21500]

[error occurred during error reporting (printing all threads), id 0xc0000005, EXCEPTION_ACCESS_VIOLATION (0xc0000005) at pc=0x00007fff14342ab7]

VM state: not at safepoint (not fully initialized)

VM Mutex/Monitor currently owned by a thread:  ([mutex/lock_event])
[0x00000231f7ca8760] Heap_lock - owner thread: 0x00000231f7cad730

Heap address: 0x0000000082600000, size: 2010 MB, Compressed Oops mode: 32-bit

CDS archive(s) mapped at: [0x0000000000000000-0x0000000000000000-0x0000000000000000), size 0, SharedBaseAddress: 0x0000000800000000, ArchiveRelocationMode: 1.
Narrow klass base: 0x0000000000000000, Narrow klass shift: 0, Narrow klass range: 0x0

GC Precious Log:
<Empty>

Heap:
 garbage-first heap   total 0K, used 0K [0x0000000082600000, 0x0000000100000000)
  region size 1024K, 0 young (0K), 0 survivors (0K)
 Metaspace       used 0K, committed 0K, reserved 0K
  class space    used 0K, committed 0K, reserved 0K

Heap Regions: E=young(eden), S=young(survivor), O=old, HS=humongous(starts), HC=humongous(continues), CS=collection set, F=free, OA=open archive, CA=closed archive, TAMS=top-at-mark-start (previous, next)

Card table byte_map: [0x00000231fbb30000,0x00000231fbf20000] _byte_map_base: 0x00000231fb71d000

Marking Bits (Prev, Next): (CMBitMap*) 0x00000231f7d06ce0, (CMBitMap*) 0x00000231f7d06d20
 Prev Bits: [0x00000231fc310000, 0x00000231fe278000)
 Next Bits: [0x000002318f000000, 0x0000023190f68000)

GC Heap History (0 events):
No events

Dll operation events (1 events):
Event: 0.200 Loaded shared library F:\IntelliJ IDEA 2023.2.1\jbr\bin\java.dll

Deoptimization events (0 events):
No events

Classes unloaded (0 events):
No events

Classes redefined (0 events):
No events

Internal exceptions (0 events):
No events

VM Operations (0 events):
No events

Events (0 events):
No events


Dynamic libraries:
0x00007ff7b1cd0000 - 0x00007ff7b1cda000 	F:\IntelliJ IDEA 2023.2.1\jbr\bin\java.exe
0x00007fff70bf0000 - 0x00007fff70e06000 	C:\WINDOWS\SYSTEM32\ntdll.dll
0x00007fff6ed00000 - 0x00007fff6edc4000 	C:\WINDOWS\System32\KERNEL32.DLL
0x00007fff6e260000 - 0x00007fff6e606000 	C:\WINDOWS\System32\KERNELBASE.dll
0x00007fff6e6e0000 - 0x00007fff6e7f1000 	C:\WINDOWS\System32\ucrtbase.dll
0x00007fff33240000 - 0x00007fff33257000 	F:\IntelliJ IDEA 2023.2.1\jbr\bin\jli.dll
0x00007fff581d0000 - 0x00007fff581eb000 	F:\IntelliJ IDEA 2023.2.1\jbr\bin\VCRUNTIME140.dll
0x00007fff704f0000 - 0x00007fff7069d000 	C:\WINDOWS\System32\USER32.dll
0x00007fff5a530000 - 0x00007fff5a7c3000 	C:\WINDOWS\WinSxS\amd64_microsoft.windows.common-controls_6595b64144ccf1df_6.0.22621.3235_none_270f74e173860f98\COMCTL32.dll
0x00007fff6e230000 - 0x00007fff6e256000 	C:\WINDOWS\System32\win32u.dll
0x00007fff6f560000 - 0x00007fff6f607000 	C:\WINDOWS\System32\msvcrt.dll
0x00007fff6f1a0000 - 0x00007fff6f1c9000 	C:\WINDOWS\System32\GDI32.dll
0x00007fff6df30000 - 0x00007fff6e048000 	C:\WINDOWS\System32\gdi32full.dll
0x00007fff6e640000 - 0x00007fff6e6da000 	C:\WINDOWS\System32\msvcp_win.dll
0x00007fff6e940000 - 0x00007fff6e971000 	C:\WINDOWS\System32\IMM32.DLL
0x00007fff6aee0000 - 0x00007fff6aeec000 	F:\IntelliJ IDEA 2023.2.1\jbr\bin\vcruntime140_1.dll
0x00007fff111b0000 - 0x00007fff1123d000 	F:\IntelliJ IDEA 2023.2.1\jbr\bin\msvcp140.dll
0x00007fff14050000 - 0x00007fff14cd3000 	F:\IntelliJ IDEA 2023.2.1\jbr\bin\server\jvm.dll
0x00007fff6f670000 - 0x00007fff6f722000 	C:\WINDOWS\System32\ADVAPI32.dll
0x00007fff6f0f0000 - 0x00007fff6f198000 	C:\WINDOWS\System32\sechost.dll
0x00007fff6e610000 - 0x00007fff6e638000 	C:\WINDOWS\System32\bcrypt.dll
0x00007fff6f980000 - 0x00007fff6fa95000 	C:\WINDOWS\System32\RPCRT4.dll
0x00007fff64a10000 - 0x00007fff64a44000 	C:\WINDOWS\SYSTEM32\WINMM.dll
0x00007fff5e030000 - 0x00007fff5e039000 	C:\WINDOWS\SYSTEM32\WSOCK32.dll
0x00007fff620c0000 - 0x00007fff620ca000 	C:\WINDOWS\SYSTEM32\VERSION.dll
0x00007fff6ec80000 - 0x00007fff6ecf1000 	C:\WINDOWS\System32\WS2_32.dll
0x00007fff6dd50000 - 0x00007fff6dd9d000 	C:\WINDOWS\SYSTEM32\POWRPROF.dll
0x00007fff6dc30000 - 0x00007fff6dc43000 	C:\WINDOWS\SYSTEM32\UMPDC.dll
0x00007fff6cf30000 - 0x00007fff6cf48000 	C:\WINDOWS\SYSTEM32\kernel.appcore.dll
0x00007fff5d920000 - 0x00007fff5d92a000 	F:\IntelliJ IDEA 2023.2.1\jbr\bin\jimage.dll
0x00007fff6b8b0000 - 0x00007fff6bae3000 	C:\WINDOWS\SYSTEM32\DBGHELP.DLL
0x00007fff6f1d0000 - 0x00007fff6f558000 	C:\WINDOWS\System32\combase.dll
0x00007fff6f8a0000 - 0x00007fff6f977000 	C:\WINDOWS\System32\OLEAUT32.dll
0x00007fff503b0000 - 0x00007fff503e2000 	C:\WINDOWS\SYSTEM32\dbgcore.DLL
0x00007fff6e8c0000 - 0x00007fff6e93a000 	C:\WINDOWS\System32\bcryptPrimitives.dll
0x00007fff335d0000 - 0x00007fff335f5000 	F:\IntelliJ IDEA 2023.2.1\jbr\bin\java.dll

dbghelp: loaded successfully - version: 4.0.5 - missing functions: none
symbol engine: initialized successfully - sym options: 0x614 - pdb path: .;F:\IntelliJ IDEA 2023.2.1\jbr\bin;C:\WINDOWS\SYSTEM32;C:\WINDOWS\WinSxS\amd64_microsoft.windows.common-controls_6595b64144ccf1df_6.0.22621.3235_none_270f74e173860f98;F:\IntelliJ IDEA 2023.2.1\jbr\bin\server

VM Arguments:
java_command: git4idea.http.GitAskPassApp Username for 'https://github.com': 
java_class_path (initial): F:/IntelliJ IDEA 2023.2.1/plugins/vcs-git/lib/git4idea-rt.jar;F:/IntelliJ IDEA 2023.2.1/lib/externalProcess-rt.jar
Launcher Type: SUN_STANDARD

[Global flags]
     intx CICompilerCount                          = 4                                         {product} {ergonomic}
     uint ConcGCThreads                            = 2                                         {product} {ergonomic}
     uint G1ConcRefinementThreads                  = 8                                         {product} {ergonomic}
   size_t G1HeapRegionSize                         = 1048576                                   {product} {ergonomic}
    uintx GCDrainStackTargetSize                   = 64                                        {product} {ergonomic}
   size_t InitialHeapSize                          = 132120576                                 {product} {ergonomic}
   size_t MarkStackSize                            = 4194304                                   {product} {ergonomic}
   size_t MaxHeapSize                              = 2107637760                                {product} {ergonomic}
   size_t MinHeapDeltaBytes                        = 1048576                                   {product} {ergonomic}
   size_t MinHeapSize                              = 8388608                                   {product} {ergonomic}
    uintx NonNMethodCodeHeapSize                   = 5839372                                {pd product} {ergonomic}
    uintx NonProfiledCodeHeapSize                  = 122909434                              {pd product} {ergonomic}
    uintx ProfiledCodeHeapSize                     = 122909434                              {pd product} {ergonomic}
    uintx ReservedCodeCacheSize                    = 251658240                              {pd product} {ergonomic}
     bool SegmentedCodeCache                       = true                                      {product} {ergonomic}
   size_t SoftMaxHeapSize                          = 2107637760                             {manageable} {ergonomic}
     bool UseCompressedClassPointers               = true                           {product lp64_product} {ergonomic}
     bool UseCompressedOops                        = true                           {product lp64_product} {ergonomic}
     bool UseG1GC                                  = true                                      {product} {ergonomic}
     bool UseLargePagesIndividualAllocation        = false                                  {pd product} {ergonomic}

Logging:
Log output configuration:
 #0: stdout all=warning uptime,level,tags
 #1: stderr all=off uptime,level,tags

Environment Variables:
JAVA_HOME=C:\Program Files\Java\jdk-17
PATH=C:\Program Files\Git\mingw64\libexec\git-core;C:\Program Files\Git\mingw64\libexec\git-core;C:\Program Files\Git\mingw64\bin;C:\Program Files\Git\usr\bin;C:\Users\DELL\bin;C:\Program Files\Common Files\Oracle\Java\javapath;C:\Program Files (x86)\Common Files\Oracle\Java\javapath;C:\Program Files\Scripts;C:\Program Files;C:\WINDOWS\system32;C:\WINDOWS;C:\WINDOWS\System32\Wbem;C:\WINDOWS\System32\WindowsPowerShell\v1.0;C:\WINDOWS\System32\OpenSSH;C:\Program Files (x86)\Intel\Intel(R) Management Engine Components\DAL;C:\Program Files\Intel\Intel(R) Management Engine Components\DAL;C:\Program Files\Microsoft SQL Server\130\Tools\Binn;C:\Program Files\Microsoft SQL Server\Client SDK\ODBC\170\Tools\Binn;C:\Program Files (x86)\Microsoft SQL Server\150\Tools\Binn;C:\Program Files\Microsoft SQL Server\150\Tools\Binn;C:\Program Files\Microsoft SQL Server\150\DTS\Binn;C:\Program Files (x86)\Microsoft SQL Server\150\DTS\Binn;C:\apache\apache-maven-3.8.6\bin;C:\Program Files\Git LFS;C:\Users\DELL\AppData\Local\Programs\Python\Python310;C:\WINDOWS\system32;C:\WINDOWS;C:\WINDOWS\System32\Wbem;C:\WINDOWS\System32\WindowsPowerShell\v1.0;C:\WINDOWS\System32\OpenSSH;C:\Program Files\Git\cmd;C:\ProgramData\chocolatey\bin;C:\Users\DELL\AppData\Local\Programs\Python\Python310\Scripts;C:\Program Files\Java\jdk-17\bin;C:\Program Files\nodejs;C:\Program Files\Docker\Docker\resources\bin;C:\Program Files\MySQL\MySQL Shell 8.0\bin;C:\Users\DELL\AppData\Local\Microsoft\WindowsApps;C:\Users\DELL\AppData\Local\Programs\Microsoft VS Code\bin;C:\Program Files\Azure Data Studio\bin;C:\Program Files\MongoDB\Server\6.0\bin;F:\WebStorm 2022.2.3\bin;F:\PyCharm 2022.3\bin;C:\Users\DELL\AppData\Local\Programs\Python\Python310\Scripts;C:\Users\DELL\AppData\Local\Programs\Python\Python310;C:\Users\DELL\google-cloud-sdk\bin;F:\IntelliJ IDEA Community Edition 2022.3.2\bin;C:\Program Files\heroku\bin;F:\IntelliJ IDEA 2023.2.1\bin;C:\Users\DELL\AppData\Roaming\npm
USERNAME=DELL
DISPLAY=:0.0
LC_ALL=en_US.UTF-8
TERM=xterm-256color
TMPDIR=C:\Users\DELL\AppData\Local\Temp
OS=Windows_NT
PROCESSOR_IDENTIFIER=Intel64 Family 6 Model 142 Stepping 12, GenuineIntel
TMP=C:\Users\DELL\AppData\Local\Temp
TEMP=C:\Users\DELL\AppData\Local\Temp


JNI global refs:
JNI global refs: 0, weak refs: 0

JNI global refs memory usage: 0, weak refs: 0

OOME stack traces (most recent first):
Classloader memory used:


---------------  S Y S T E M  ---------------

OS:
 Windows 11 , 64 bit Build 22621 (10.0.22621.3235)
OS uptime: 7 days 21:38 hours
Hyper-V role detected

CPU: total 8 (initial active 8) (4 cores per cpu, 2 threads per core) family 6 model 142 stepping 12 microcode 0xf8, cx8, cmov, fxsr, ht, mmx, 3dnowpref, sse, sse2, sse3, ssse3, sse4.1, sse4.2, popcnt, lzcnt, tsc, tscinvbit, avx, avx2, aes, erms, clmul, bmi1, bmi2, adx, fma, vzeroupper, clflush, clflushopt, hv
Processor Information for processor 0
  Max Mhz: 2112, Current Mhz: 1609, Mhz Limit: 1605
Processor Information for processor 1
  Max Mhz: 2112, Current Mhz: 1508, Mhz Limit: 1605
Processor Information for processor 2
  Max Mhz: 2112, Current Mhz: 1508, Mhz Limit: 1605
Processor Information for processor 3
  Max Mhz: 2112, Current Mhz: 1609, Mhz Limit: 1605
Processor Information for processor 4
  Max Mhz: 2112, Current Mhz: 1609, Mhz Limit: 1605
Processor Information for processor 5
  Max Mhz: 2112, Current Mhz: 1508, Mhz Limit: 1605
Processor Information for processor 6
  Max Mhz: 2112, Current Mhz: 1508, Mhz Limit: 1605
Processor Information for processor 7
  Max Mhz: 2112, Current Mhz: 1508, Mhz Limit: 1605

Memory: 4k page, system-wide physical 8039M (532M free)
TotalPageFile size 23821M (AvailPageFile size 42M)
current process WorkingSet (physical memory assigned to process): 11M, peak: 11M
current process commit charge ("private bytes"): 60M, peak: 186M

vm_info: OpenJDK 64-Bit Server VM (17.0.8+7-b1000.8) for windows-amd64 JRE (17.0.8+7-b1000.8), built on 2023-08-04 by "builduser" with MS VC++ 16.10 / 16.11 (VS2019)

END.
