#
# There is insufficient memory for the Java Runtime Environment to continue.
# Native memory allocation (mmap) failed to map 65536 bytes for Failed to commit metaspace.
# Possible reasons:
#   The system is out of physical RAM or swap space
#   The process is running with CompressedOops enabled, and the Java Heap may be blocking the growth of the native heap
# Possible solutions:
#   Reduce memory load on the system
#   Increase physical memory or swap space
#   Check if swap backing store is full
#   Decrease Java heap size (-Xmx/-Xms)
#   Decrease number of Java threads
#   Decrease Java thread stack sizes (-Xss)
#   Set larger code cache with -XX:ReservedCodeCacheSize=
#   JVM is running with Unscaled Compressed Oops mode in which the Java heap is
#     placed in the first 4GB address space. The Java Heap base address is the
#     maximum limit for the native heap growth. Please use -XX:HeapBaseMinAddress
#     to set the Java Heap base and to place the Java Heap above 4GB virtual address.
# This output file may be truncated or incomplete.
#
#  Out of Memory Error (virtualSpaceNode.cpp:110), pid=23584, tid=28448
#
# JRE version: Java(TM) SE Runtime Environment (17.0.8+9) (build 17.0.8+9-LTS-211)
# Java VM: Java HotSpot(TM) 64-Bit Server VM (17.0.8+9-LTS-211, mixed mode, emulated-client, sharing, tiered, compressed oops, compressed class ptrs, g1 gc, windows-amd64)
# No core dump will be written. Minidumps are not enabled by default on client versions of Windows
#

---------------  S U M M A R Y ------------

Command Line: -XX:TieredStopAtLevel=1 -Dspring.output.ansi.enabled=always -Dcom.sun.management.jmxremote -Dspring.jmx.enabled=true -Dspring.liveBeansView.mbeanDomain -Dspring.application.admin.enabled=true -Dmanagement.endpoints.jmx.exposure.include=* -javaagent:F:\IntelliJ IDEA 2023.2.1\lib\idea_rt.jar=64287:F:\IntelliJ IDEA 2023.2.1\bin -Dfile.encoding=UTF-8 com.web.KhungggApplication

Host: Intel(R) Core(TM) i5-10210U CPU @ 1.60GHz, 8 cores, 7G,  Windows 11 , 64 bit Build 22621 (10.0.22621.3235)
Time: Thu Apr 11 17:30:24 2024 SE Asia Standard Time elapsed time: 9.364395 seconds (0d 0h 0m 9s)

---------------  T H R E A D  ---------------

Current thread (0x000001bd71f2a210):  JavaThread "main" [_thread_in_vm, id=28448, stack(0x000000bbe0c00000,0x000000bbe0d00000)]

Stack: [0x000000bbe0c00000,0x000000bbe0d00000]
Native frames: (J=compiled Java code, j=interpreted, Vv=VM code, C=native code)
V  [jvm.dll+0x677d0a]
V  [jvm.dll+0x7d8c54]
V  [jvm.dll+0x7da3fe]
V  [jvm.dll+0x7daa63]
V  [jvm.dll+0x245c5f]
V  [jvm.dll+0x7d4d5b]
V  [jvm.dll+0x61dcf6]
V  [jvm.dll+0x61dd5a]
V  [jvm.dll+0x62057d]
V  [jvm.dll+0x61e6b6]
V  [jvm.dll+0x23a29f]
V  [jvm.dll+0x628445]
V  [jvm.dll+0x1e9bdd]
V  [jvm.dll+0x1ea1a5]
V  [jvm.dll+0x1eaaeb]
V  [jvm.dll+0x1e02f1]
V  [jvm.dll+0x53ddbc]
V  [jvm.dll+0x1f0c0a]
V  [jvm.dll+0x752b7d]
V  [jvm.dll+0x753f76]
V  [jvm.dll+0x7542a8]
V  [jvm.dll+0x23e01b]
V  [jvm.dll+0x37d84e]
C  0x000001bd797c9ad7

Java frames: (J=compiled Java code, j=interpreted, Vv=VM code)
j  sun.security.ssl.SSLAlgorithmConstraints.<clinit>()V+0 java.base@17.0.8
v  ~StubRoutines::call_stub
j  sun.security.ssl.ProtocolVersion.<init>(Ljava/lang/String;IILjava/lang/String;Z)V+47 java.base@17.0.8
j  sun.security.ssl.ProtocolVersion.<clinit>()V+13 java.base@17.0.8
v  ~StubRoutines::call_stub
j  sun.security.ssl.SSLContextImpl$AbstractTLSContext.<clinit>()V+7 java.base@17.0.8
v  ~StubRoutines::call_stub
J 968  java.lang.Class.forName0(Ljava/lang/String;ZLjava/lang/ClassLoader;Ljava/lang/Class;)Ljava/lang/Class; java.base@17.0.8 (0 bytes) @ 0x000001bd79aa6eaf [0x000001bd79aa6e20+0x000000000000008f]
J 2214 c1 java.lang.Class.forName(Ljava/lang/String;)Ljava/lang/Class; java.base@17.0.8 (15 bytes) @ 0x000001bd79d2e294 [0x000001bd79d2e240+0x0000000000000054]
j  java.security.Provider$Service.getImplClass()Ljava/lang/Class;+64 java.base@17.0.8
j  java.security.Provider$Service.getDefaultConstructor()Ljava/lang/reflect/Constructor;+46 java.base@17.0.8
j  java.security.Provider$Service.newInstanceOf()Ljava/lang/Object;+1 java.base@17.0.8
j  java.security.Provider$Service.newInstanceUtil(Ljava/lang/Class;Ljava/lang/Object;)Ljava/lang/Object;+5 java.base@17.0.8
j  java.security.Provider$Service.newInstance(Ljava/lang/Object;)Ljava/lang/Object;+227 java.base@17.0.8
j  sun.security.jca.GetInstance.getInstance(Ljava/security/Provider$Service;Ljava/lang/Class;)Lsun/security/jca/GetInstance$Instance;+2 java.base@17.0.8
j  sun.security.jca.GetInstance.getInstance(Ljava/lang/String;Ljava/lang/Class;Ljava/lang/String;)Lsun/security/jca/GetInstance$Instance;+56 java.base@17.0.8
j  javax.net.ssl.SSLContext.getInstance(Ljava/lang/String;)Ljavax/net/ssl/SSLContext;+12 java.base@17.0.8
j  com.mysql.cj.protocol.ExportControlled.getSSLContext(Lcom/mysql/cj/protocol/ExportControlled$KeyStoreConf;Lcom/mysql/cj/protocol/ExportControlled$KeyStoreConf;ZZLjava/lang/String;Lcom/mysql/cj/exceptions/ExceptionInterceptor;)Ljavax/net/ssl/SSLContext;+914
j  com.mysql.cj.protocol.ExportControlled.performTlsHandshake(Ljava/net/Socket;Lcom/mysql/cj/protocol/SocketConnection;Lcom/mysql/cj/ServerVersion;Lcom/mysql/cj/log/Log;)Ljava/net/Socket;+154
j  com.mysql.cj.protocol.StandardSocketFactory.performTlsHandshake(Lcom/mysql/cj/protocol/SocketConnection;Lcom/mysql/cj/protocol/ServerSession;Lcom/mysql/cj/log/Log;)Ljava/io/Closeable;+21
j  com.mysql.cj.protocol.a.NativeSocketConnection.performTlsHandshake(Lcom/mysql/cj/protocol/ServerSession;Lcom/mysql/cj/log/Log;)V+8
j  com.mysql.cj.protocol.a.NativeProtocol.negotiateSSLConnection()V+116
j  com.mysql.cj.protocol.a.NativeAuthenticationProvider.connect(Ljava/lang/String;Ljava/lang/String;Ljava/lang/String;)V+765
j  com.mysql.cj.protocol.a.NativeProtocol.connect(Ljava/lang/String;Ljava/lang/String;Ljava/lang/String;)V+11
j  com.mysql.cj.NativeSession.connect(Lcom/mysql/cj/conf/HostInfo;Ljava/lang/String;Ljava/lang/String;Ljava/lang/String;ILcom/mysql/cj/TransactionEventHandler;)V+110
j  com.mysql.cj.jdbc.ConnectionImpl.connectOneTryOnly(Z)V+32
j  com.mysql.cj.jdbc.ConnectionImpl.createNewIO(Z)V+27
j  com.mysql.cj.jdbc.ConnectionImpl.<init>(Lcom/mysql/cj/conf/HostInfo;)V+753
j  com.mysql.cj.jdbc.ConnectionImpl.getInstance(Lcom/mysql/cj/conf/HostInfo;)Lcom/mysql/cj/jdbc/JdbcConnection;+5
j  com.mysql.cj.jdbc.NonRegisteringDriver.connect(Ljava/lang/String;Ljava/util/Properties;)Ljava/sql/Connection;+72
j  com.zaxxer.hikari.util.DriverDataSource.getConnection(Ljava/lang/String;Ljava/lang/String;)Ljava/sql/Connection;+61
j  com.zaxxer.hikari.pool.PoolBase.newConnection()Ljava/sql/Connection;+49
j  com.zaxxer.hikari.pool.PoolBase.newPoolEntry()Lcom/zaxxer/hikari/pool/PoolEntry;+5
j  com.zaxxer.hikari.pool.HikariPool.createPoolEntry()Lcom/zaxxer/hikari/pool/PoolEntry;+1
j  com.zaxxer.hikari.pool.HikariPool.checkFailFast()V+20
j  com.zaxxer.hikari.pool.HikariPool.<init>(Lcom/zaxxer/hikari/HikariConfig;)V+128
j  com.zaxxer.hikari.HikariDataSource.getConnection()Ljava/sql/Connection;+100
j  org.hibernate.engine.jdbc.connections.internal.DatasourceConnectionProviderImpl.getConnection()Ljava/sql/Connection;+48
j  org.hibernate.engine.jdbc.env.internal.JdbcEnvironmentInitiator$ConnectionProviderJdbcConnectionAccess.obtainConnection()Ljava/sql/Connection;+4
j  org.hibernate.engine.jdbc.env.internal.JdbcEnvironmentInitiator.initiateService(Ljava/util/Map;Lorg/hibernate/service/spi/ServiceRegistryImplementor;)Lorg/hibernate/engine/jdbc/env/spi/JdbcEnvironment;+36
j  org.hibernate.engine.jdbc.env.internal.JdbcEnvironmentInitiator.initiateService(Ljava/util/Map;Lorg/hibernate/service/spi/ServiceRegistryImplementor;)Lorg/hibernate/service/Service;+3
j  org.hibernate.boot.registry.internal.StandardServiceRegistryImpl.initiateService(Lorg/hibernate/service/spi/ServiceInitiator;)Lorg/hibernate/service/Service;+9
j  org.hibernate.service.internal.AbstractServiceRegistryImpl.createService(Lorg/hibernate/service/spi/ServiceBinding;)Lorg/hibernate/service/Service;+26
j  org.hibernate.service.internal.AbstractServiceRegistryImpl.initializeService(Lorg/hibernate/service/spi/ServiceBinding;)Lorg/hibernate/service/Service;+30
j  org.hibernate.service.internal.AbstractServiceRegistryImpl.getService(Ljava/lang/Class;)Lorg/hibernate/service/Service;+115
j  org.hibernate.id.factory.internal.DefaultIdentifierGeneratorFactory.injectServices(Lorg/hibernate/service/spi/ServiceRegistryImplementor;)V+9
j  org.hibernate.service.internal.AbstractServiceRegistryImpl.injectDependencies(Lorg/hibernate/service/spi/ServiceBinding;)V+24
j  org.hibernate.service.internal.AbstractServiceRegistryImpl.initializeService(Lorg/hibernate/service/spi/ServiceBinding;)Lorg/hibernate/service/Service;+45
j  org.hibernate.service.internal.AbstractServiceRegistryImpl.getService(Ljava/lang/Class;)Lorg/hibernate/service/Service;+115
j  org.hibernate.boot.internal.InFlightMetadataCollectorImpl.<init>(Lorg/hibernate/boot/spi/BootstrapContext;Lorg/hibernate/boot/spi/MetadataBuildingOptions;)V+277
j  org.hibernate.boot.model.process.spi.MetadataBuildingProcess.complete(Lorg/hibernate/boot/model/process/spi/ManagedResources;Lorg/hibernate/boot/spi/BootstrapContext;Lorg/hibernate/boot/spi/MetadataBuildingOptions;)Lorg/hibernate/boot/spi/MetadataImplementor;+6
j  org.hibernate.jpa.boot.internal.EntityManagerFactoryBuilderImpl.metadata()Lorg/hibernate/boot/spi/MetadataImplementor;+30
j  org.hibernate.jpa.boot.internal.EntityManagerFactoryBuilderImpl.build()Ljavax/persistence/EntityManagerFactory;+3
j  org.springframework.orm.jpa.vendor.SpringHibernateJpaPersistenceProvider.createContainerEntityManagerFactory(Ljavax/persistence/spi/PersistenceUnitInfo;Ljava/util/Map;)Ljavax/persistence/EntityManagerFactory;+55
j  org.springframework.orm.jpa.LocalContainerEntityManagerFactoryBean.createNativeEntityManagerFactory()Ljavax/persistence/EntityManagerFactory;+129
j  org.springframework.orm.jpa.AbstractEntityManagerFactoryBean.buildNativeEntityManagerFactory()Ljavax/persistence/EntityManagerFactory;+1
j  org.springframework.orm.jpa.AbstractEntityManagerFactoryBean.afterPropertiesSet()V+192
j  org.springframework.orm.jpa.LocalContainerEntityManagerFactoryBean.afterPropertiesSet()V+77
j  org.springframework.beans.factory.support.AbstractAutowireCapableBeanFactory.invokeInitMethods(Ljava/lang/String;Ljava/lang/Object;Lorg/springframework/beans/factory/support/RootBeanDefinition;)V+106
j  org.springframework.beans.factory.support.AbstractAutowireCapableBeanFactory.initializeBean(Ljava/lang/String;Ljava/lang/Object;Lorg/springframework/beans/factory/support/RootBeanDefinition;)Ljava/lang/Object;+59
j  org.springframework.beans.factory.support.AbstractAutowireCapableBeanFactory.doCreateBean(Ljava/lang/String;Lorg/springframework/beans/factory/support/RootBeanDefinition;[Ljava/lang/Object;)Ljava/lang/Object;+245
j  org.springframework.beans.factory.support.AbstractAutowireCapableBeanFactory.createBean(Ljava/lang/String;Lorg/springframework/beans/factory/support/RootBeanDefinition;[Ljava/lang/Object;)Ljava/lang/Object;+169
j  org.springframework.beans.factory.support.AbstractBeanFactory.lambda$doGetBean$0(Ljava/lang/String;Lorg/springframework/beans/factory/support/RootBeanDefinition;[Ljava/lang/Object;)Ljava/lang/Object;+4
j  org.springframework.beans.factory.support.AbstractBeanFactory$$Lambda$337+0x000001bd05236968.getObject()Ljava/lang/Object;+16
j  org.springframework.beans.factory.support.DefaultSingletonBeanRegistry.getSingleton(Ljava/lang/String;Lorg/springframework/beans/factory/ObjectFactory;)Ljava/lang/Object;+132
J 3384 c1 org.springframework.beans.factory.support.AbstractBeanFactory.doGetBean(Ljava/lang/String;Ljava/lang/Class;[Ljava/lang/Object;Z)Ljava/lang/Object; (832 bytes) @ 0x000001bd79f1ced4 [0x000001bd79f1c900+0x00000000000005d4]
j  org.springframework.beans.factory.support.AbstractBeanFactory.getBean(Ljava/lang/String;)Ljava/lang/Object;+5
j  org.springframework.context.support.AbstractApplicationContext.getBean(Ljava/lang/String;)Ljava/lang/Object;+9
j  org.springframework.context.support.AbstractApplicationContext.finishBeanFactoryInitialization(Lorg/springframework/beans/factory/config/ConfigurableListableBeanFactory;)V+100
j  org.springframework.context.support.AbstractApplicationContext.refresh()V+86
j  org.springframework.boot.web.servlet.context.ServletWebServerApplicationContext.refresh()V+1
j  org.springframework.boot.SpringApplication.refresh(Lorg/springframework/context/ConfigurableApplicationContext;)V+1
j  org.springframework.boot.SpringApplication.refreshContext(Lorg/springframework/context/ConfigurableApplicationContext;)V+16
j  org.springframework.boot.SpringApplication.run([Ljava/lang/String;)Lorg/springframework/context/ConfigurableApplicationContext;+107
j  org.springframework.boot.SpringApplication.run([Ljava/lang/Class;[Ljava/lang/String;)Lorg/springframework/context/ConfigurableApplicationContext;+9
j  org.springframework.boot.SpringApplication.run(Ljava/lang/Class;[Ljava/lang/String;)Lorg/springframework/context/ConfigurableApplicationContext;+9
j  com.web.KhungggApplication.main([Ljava/lang/String;)V+3
v  ~StubRoutines::call_stub

---------------  P R O C E S S  ---------------

Threads class SMR info:
_java_thread_list=0x000001bd4ad26c60, length=21, elements={
0x000001bd71f2a210, 0x000001bd7feb1cd0, 0x000001bd7feb3950, 0x000001bd7fec3740,
0x000001bd7fec56e0, 0x000001bd7fec7fe0, 0x000001bd7fec88a0, 0x000001bd7fec9a20,
0x000001bd7fecab40, 0x000001bd7fe9c020, 0x000001bd49259510, 0x000001bd4982f920,
0x000001bd4982fdf0, 0x000001bd49993dd0, 0x000001bd499dd380, 0x000001bd49cedc90,
0x000001bd4a2d3710, 0x000001bd4ac85580, 0x000001bd4a73a4b0, 0x000001bd4923c440,
0x000001bd4923d120
}

Java Threads: ( => current thread )
=>0x000001bd71f2a210 JavaThread "main" [_thread_in_vm, id=28448, stack(0x000000bbe0c00000,0x000000bbe0d00000)]
  0x000001bd7feb1cd0 JavaThread "Reference Handler" daemon [_thread_blocked, id=23276, stack(0x000000bbe1300000,0x000000bbe1400000)]
  0x000001bd7feb3950 JavaThread "Finalizer" daemon [_thread_blocked, id=16860, stack(0x000000bbe1400000,0x000000bbe1500000)]
  0x000001bd7fec3740 JavaThread "Signal Dispatcher" daemon [_thread_blocked, id=19868, stack(0x000000bbe1500000,0x000000bbe1600000)]
  0x000001bd7fec56e0 JavaThread "Attach Listener" daemon [_thread_blocked, id=22644, stack(0x000000bbe1600000,0x000000bbe1700000)]
  0x000001bd7fec7fe0 JavaThread "Service Thread" daemon [_thread_blocked, id=20220, stack(0x000000bbe1700000,0x000000bbe1800000)]
  0x000001bd7fec88a0 JavaThread "Monitor Deflation Thread" daemon [_thread_blocked, id=17716, stack(0x000000bbe1800000,0x000000bbe1900000)]
  0x000001bd7fec9a20 JavaThread "C1 CompilerThread0" daemon [_thread_blocked, id=15124, stack(0x000000bbe1900000,0x000000bbe1a00000)]
  0x000001bd7fecab40 JavaThread "Sweeper thread" daemon [_thread_blocked, id=13480, stack(0x000000bbe1a00000,0x000000bbe1b00000)]
  0x000001bd7fe9c020 JavaThread "Common-Cleaner" daemon [_thread_blocked, id=24252, stack(0x000000bbe1b00000,0x000000bbe1c00000)]
  0x000001bd49259510 JavaThread "C1 CompilerThread1" daemon [_thread_blocked, id=26052, stack(0x000000bbe1c00000,0x000000bbe1d00000)]
  0x000001bd4982f920 JavaThread "Monitor Ctrl-Break" daemon [_thread_in_native, id=1796, stack(0x000000bbe1d00000,0x000000bbe1e00000)]
  0x000001bd4982fdf0 JavaThread "Notification Thread" daemon [_thread_blocked, id=5444, stack(0x000000bbe1e00000,0x000000bbe1f00000)]
  0x000001bd49993dd0 JavaThread "RMI TCP Accept-0" daemon [_thread_in_native, id=27572, stack(0x000000bbe1f00000,0x000000bbe2000000)]
  0x000001bd499dd380 JavaThread "C1 CompilerThread2" daemon [_thread_blocked, id=28360, stack(0x000000bbe2100000,0x000000bbe2200000)]
  0x000001bd49cedc90 JavaThread "RMI TCP Connection(1)-192.168.1.162" daemon [_thread_in_native, id=27208, stack(0x000000bbe2a00000,0x000000bbe2b00000)]
  0x000001bd4a2d3710 JavaThread "RMI Scheduler(0)" daemon [_thread_blocked, id=25404, stack(0x000000bbe2b00000,0x000000bbe2c00000)]
  0x000001bd4ac85580 JavaThread "Catalina-utility-1" [_thread_blocked, id=20628, stack(0x000000bbe2d00000,0x000000bbe2e00000)]
  0x000001bd4a73a4b0 JavaThread "Catalina-utility-2" [_thread_blocked, id=27832, stack(0x000000bbe2e00000,0x000000bbe2f00000)]
  0x000001bd4923c440 JavaThread "container-0" [_thread_blocked, id=12616, stack(0x000000bbe2f00000,0x000000bbe3000000)]
  0x000001bd4923d120 JavaThread "mysql-cj-abandoned-connection-cleanup" daemon [_thread_blocked, id=11092, stack(0x000000bbe3000000,0x000000bbe3100000)]

Other Threads:
  0x000001bd7feac5a0 VMThread "VM Thread" [stack: 0x000000bbe1200000,0x000000bbe1300000] [id=14024]
  0x000001bd499a6cd0 WatcherThread [stack: 0x000000bbe2000000,0x000000bbe2100000] [id=6528]
  0x000001bd71f87630 GCTaskThread "GC Thread#0" [stack: 0x000000bbe0d00000,0x000000bbe0e00000] [id=4824]
  0x000001bd49c59a10 GCTaskThread "GC Thread#1" [stack: 0x000000bbe2200000,0x000000bbe2300000] [id=13068]
  0x000001bd49c5a0d0 GCTaskThread "GC Thread#2" [stack: 0x000000bbe2300000,0x000000bbe2400000] [id=11048]
  0x000001bd49c9f6b0 GCTaskThread "GC Thread#3" [stack: 0x000000bbe2400000,0x000000bbe2500000] [id=17152]
  0x000001bd49c9f960 GCTaskThread "GC Thread#4" [stack: 0x000000bbe2500000,0x000000bbe2600000] [id=22960]
  0x000001bd49ca1c20 GCTaskThread "GC Thread#5" [stack: 0x000000bbe2600000,0x000000bbe2700000] [id=15572]
  0x000001bd49ca1ed0 GCTaskThread "GC Thread#6" [stack: 0x000000bbe2700000,0x000000bbe2800000] [id=4500]
  0x000001bd49ca2990 GCTaskThread "GC Thread#7" [stack: 0x000000bbe2800000,0x000000bbe2900000] [id=14440]
  0x000001bd71f97fb0 ConcurrentGCThread "G1 Main Marker" [stack: 0x000000bbe0e00000,0x000000bbe0f00000] [id=2104]
  0x000001bd71f998d0 ConcurrentGCThread "G1 Conc#0" [stack: 0x000000bbe0f00000,0x000000bbe1000000] [id=6432]
  0x000001bd4aa412d0 ConcurrentGCThread "G1 Conc#1" [stack: 0x000000bbe2c00000,0x000000bbe2d00000] [id=25360]
  0x000001bd7fd6a520 ConcurrentGCThread "G1 Refine#0" [stack: 0x000000bbe1000000,0x000000bbe1100000] [id=17964]
  0x000001bd49c66c50 ConcurrentGCThread "G1 Refine#1" [stack: 0x000000bbe2900000,0x000000bbe2a00000] [id=4820]
  0x000001bd71fdd460 ConcurrentGCThread "G1 Service" [stack: 0x000000bbe1100000,0x000000bbe1200000] [id=24616]

Threads with active compile tasks:

VM state: not at safepoint (normal execution)

VM Mutex/Monitor currently owned by a thread:  ([mutex/lock_event])
[0x000001bd71f240e0] Metaspace_lock - owner thread: 0x000001bd71f2a210

Heap address: 0x0000000082600000, size: 2010 MB, Compressed Oops mode: 32-bit

CDS archive(s) mapped at: [0x000001bd04000000-0x000001bd04bd0000-0x000001bd04bd0000), size 12386304, SharedBaseAddress: 0x000001bd04000000, ArchiveRelocationMode: 1.
Compressed class space mapped at: 0x000001bd05000000-0x000001bd45000000, reserved size: 1073741824
Narrow klass base: 0x000001bd04000000, Narrow klass shift: 0, Narrow klass range: 0x100000000

GC Precious Log:
 CPUs: 8 total, 8 available
 Memory: 8039M
 Large Page Support: Disabled
 NUMA Support: Disabled
 Compressed Oops: Enabled (32-bit)
 Heap Region Size: 1M
 Heap Min Capacity: 8M
 Heap Initial Capacity: 126M
 Heap Max Capacity: 2010M
 Pre-touch: Disabled
 Parallel Workers: 8
 Concurrent Workers: 2
 Concurrent Refinement Workers: 8
 Periodic GC: Disabled

Heap:
 garbage-first heap   total 78848K, used 38226K [0x0000000082600000, 0x0000000100000000)
  region size 1024K, 17 young (17408K), 3 survivors (3072K)
 Metaspace       used 39804K, committed 40128K, reserved 1114112K
  class space    used 5597K, committed 5760K, reserved 1048576K

Heap Regions: E=young(eden), S=young(survivor), O=old, HS=humongous(starts), HC=humongous(continues), CS=collection set, F=free, OA=open archive, CA=closed archive, TAMS=top-at-mark-start (previous, next)
|   0|0x0000000082600000, 0x0000000082700000, 0x0000000082700000|100%|HS|  |TAMS 0x0000000082700000, 0x0000000082600000| Complete 
|   1|0x0000000082700000, 0x0000000082800000, 0x0000000082800000|100%| O|  |TAMS 0x0000000082800000, 0x0000000082700000| Untracked 
|   2|0x0000000082800000, 0x0000000082900000, 0x0000000082900000|100%| O|  |TAMS 0x0000000082900000, 0x0000000082800000| Untracked 
|   3|0x0000000082900000, 0x0000000082a00000, 0x0000000082a00000|100%| O|  |TAMS 0x0000000082a00000, 0x0000000082900000| Untracked 
|   4|0x0000000082a00000, 0x0000000082b00000, 0x0000000082b00000|100%| O|  |TAMS 0x0000000082b00000, 0x0000000082a00000| Untracked 
|   5|0x0000000082b00000, 0x0000000082c00000, 0x0000000082c00000|100%| O|  |TAMS 0x0000000082c00000, 0x0000000082b00000| Untracked 
|   6|0x0000000082c00000, 0x0000000082d00000, 0x0000000082d00000|100%| O|  |TAMS 0x0000000082d00000, 0x0000000082c00000| Untracked 
|   7|0x0000000082d00000, 0x0000000082e00000, 0x0000000082e00000|100%| O|  |TAMS 0x0000000082e00000, 0x0000000082d00000| Untracked 
|   8|0x0000000082e00000, 0x0000000082f00000, 0x0000000082f00000|100%| O|  |TAMS 0x0000000082f00000, 0x0000000082e00000| Untracked 
|   9|0x0000000082f00000, 0x0000000083000000, 0x0000000083000000|100%| O|  |TAMS 0x0000000083000000, 0x0000000082f00000| Untracked 
|  10|0x0000000083000000, 0x00000000830e3e00, 0x0000000083100000| 89%| O|  |TAMS 0x00000000830e3e00, 0x0000000083000000| Untracked 
|  11|0x0000000083100000, 0x0000000083200000, 0x0000000083200000|100%| O|  |TAMS 0x0000000083200000, 0x0000000083100000| Untracked 
|  12|0x0000000083200000, 0x0000000083300000, 0x0000000083300000|100%| O|  |TAMS 0x0000000083300000, 0x0000000083200000| Untracked 
|  13|0x0000000083300000, 0x0000000083400000, 0x0000000083400000|100%| O|  |TAMS 0x0000000083400000, 0x0000000083300000| Untracked 
|  14|0x0000000083400000, 0x0000000083500000, 0x0000000083500000|100%| O|  |TAMS 0x0000000083500000, 0x0000000083400000| Untracked 
|  15|0x0000000083500000, 0x0000000083600000, 0x0000000083600000|100%| O|  |TAMS 0x0000000083600000, 0x0000000083500000| Untracked 
|  16|0x0000000083600000, 0x0000000083700000, 0x0000000083700000|100%| O|  |TAMS 0x0000000083700000, 0x0000000083600000| Untracked 
|  17|0x0000000083700000, 0x0000000083800000, 0x0000000083800000|100%| O|  |TAMS 0x0000000083800000, 0x0000000083700000| Untracked 
|  18|0x0000000083800000, 0x0000000083900000, 0x0000000083900000|100%| O|  |TAMS 0x0000000083900000, 0x0000000083800000| Untracked 
|  19|0x0000000083900000, 0x0000000083a00000, 0x0000000083a00000|100%| O|  |TAMS 0x0000000083a00000, 0x0000000083900000| Untracked 
|  20|0x0000000083a00000, 0x0000000083b00000, 0x0000000083b00000|100%| O|  |TAMS 0x0000000083b00000, 0x0000000083a00000| Untracked 
|  21|0x0000000083b00000, 0x0000000083b94400, 0x0000000083c00000| 57%| O|  |TAMS 0x0000000083b94400, 0x0000000083b00000| Untracked 
|  22|0x0000000083c00000, 0x0000000083c00000, 0x0000000083d00000|  0%| F|  |TAMS 0x0000000083c00000, 0x0000000083c00000| Untracked 
|  23|0x0000000083d00000, 0x0000000083d00000, 0x0000000083e00000|  0%| F|  |TAMS 0x0000000083d00000, 0x0000000083d00000| Untracked 
|  24|0x0000000083e00000, 0x0000000083e00000, 0x0000000083f00000|  0%| F|  |TAMS 0x0000000083e00000, 0x0000000083e00000| Untracked 
|  25|0x0000000083f00000, 0x0000000083f00000, 0x0000000084000000|  0%| F|  |TAMS 0x0000000083f00000, 0x0000000083f00000| Untracked 
|  26|0x0000000084000000, 0x0000000084000000, 0x0000000084100000|  0%| F|  |TAMS 0x0000000084000000, 0x0000000084000000| Untracked 
|  27|0x0000000084100000, 0x0000000084100000, 0x0000000084200000|  0%| F|  |TAMS 0x0000000084100000, 0x0000000084100000| Untracked 
|  28|0x0000000084200000, 0x0000000084200000, 0x0000000084300000|  0%| F|  |TAMS 0x0000000084200000, 0x0000000084200000| Untracked 
|  29|0x0000000084300000, 0x0000000084300000, 0x0000000084400000|  0%| F|  |TAMS 0x0000000084300000, 0x0000000084300000| Untracked 
|  30|0x0000000084400000, 0x0000000084400000, 0x0000000084500000|  0%| F|  |TAMS 0x0000000084400000, 0x0000000084400000| Untracked 
|  31|0x0000000084500000, 0x0000000084500000, 0x0000000084600000|  0%| F|  |TAMS 0x0000000084500000, 0x0000000084500000| Untracked 
|  32|0x0000000084600000, 0x0000000084600000, 0x0000000084700000|  0%| F|  |TAMS 0x0000000084600000, 0x0000000084600000| Untracked 
|  33|0x0000000084700000, 0x0000000084700000, 0x0000000084800000|  0%| F|  |TAMS 0x0000000084700000, 0x0000000084700000| Untracked 
|  34|0x0000000084800000, 0x0000000084800000, 0x0000000084900000|  0%| F|  |TAMS 0x0000000084800000, 0x0000000084800000| Untracked 
|  35|0x0000000084900000, 0x0000000084900000, 0x0000000084a00000|  0%| F|  |TAMS 0x0000000084900000, 0x0000000084900000| Untracked 
|  36|0x0000000084a00000, 0x0000000084a00000, 0x0000000084b00000|  0%| F|  |TAMS 0x0000000084a00000, 0x0000000084a00000| Untracked 
|  37|0x0000000084b00000, 0x0000000084b00000, 0x0000000084c00000|  0%| F|  |TAMS 0x0000000084b00000, 0x0000000084b00000| Untracked 
|  38|0x0000000084c00000, 0x0000000084c00000, 0x0000000084d00000|  0%| F|  |TAMS 0x0000000084c00000, 0x0000000084c00000| Untracked 
|  39|0x0000000084d00000, 0x0000000084d00000, 0x0000000084e00000|  0%| F|  |TAMS 0x0000000084d00000, 0x0000000084d00000| Untracked 
|  40|0x0000000084e00000, 0x0000000084e00000, 0x0000000084f00000|  0%| F|  |TAMS 0x0000000084e00000, 0x0000000084e00000| Untracked 
|  41|0x0000000084f00000, 0x0000000084f00000, 0x0000000085000000|  0%| F|  |TAMS 0x0000000084f00000, 0x0000000084f00000| Untracked 
|  42|0x0000000085000000, 0x0000000085000000, 0x0000000085100000|  0%| F|  |TAMS 0x0000000085000000, 0x0000000085000000| Untracked 
|  43|0x0000000085100000, 0x0000000085100000, 0x0000000085200000|  0%| F|  |TAMS 0x0000000085100000, 0x0000000085100000| Untracked 
|  44|0x0000000085200000, 0x0000000085200000, 0x0000000085300000|  0%| F|  |TAMS 0x0000000085200000, 0x0000000085200000| Untracked 
|  45|0x0000000085300000, 0x0000000085300000, 0x0000000085400000|  0%| F|  |TAMS 0x0000000085300000, 0x0000000085300000| Untracked 
|  46|0x0000000085400000, 0x0000000085400000, 0x0000000085500000|  0%| F|  |TAMS 0x0000000085400000, 0x0000000085400000| Untracked 
|  47|0x0000000085500000, 0x0000000085500000, 0x0000000085600000|  0%| F|  |TAMS 0x0000000085500000, 0x0000000085500000| Untracked 
|  48|0x0000000085600000, 0x0000000085600000, 0x0000000085700000|  0%| F|  |TAMS 0x0000000085600000, 0x0000000085600000| Untracked 
|  49|0x0000000085700000, 0x0000000085700000, 0x0000000085800000|  0%| F|  |TAMS 0x0000000085700000, 0x0000000085700000| Untracked 
|  50|0x0000000085800000, 0x0000000085800000, 0x0000000085900000|  0%| F|  |TAMS 0x0000000085800000, 0x0000000085800000| Untracked 
|  51|0x0000000085900000, 0x0000000085900000, 0x0000000085a00000|  0%| F|  |TAMS 0x0000000085900000, 0x0000000085900000| Untracked 
|  52|0x0000000085a00000, 0x0000000085a00000, 0x0000000085b00000|  0%| F|  |TAMS 0x0000000085a00000, 0x0000000085a00000| Untracked 
|  53|0x0000000085b00000, 0x0000000085b00000, 0x0000000085c00000|  0%| F|  |TAMS 0x0000000085b00000, 0x0000000085b00000| Untracked 
|  54|0x0000000085c00000, 0x0000000085c00000, 0x0000000085d00000|  0%| F|  |TAMS 0x0000000085c00000, 0x0000000085c00000| Untracked 
|  55|0x0000000085d00000, 0x0000000085d00000, 0x0000000085e00000|  0%| F|  |TAMS 0x0000000085d00000, 0x0000000085d00000| Untracked 
|  56|0x0000000085e00000, 0x0000000085e00000, 0x0000000085f00000|  0%| F|  |TAMS 0x0000000085e00000, 0x0000000085e00000| Untracked 
|  57|0x0000000085f00000, 0x0000000085f00000, 0x0000000086000000|  0%| F|  |TAMS 0x0000000085f00000, 0x0000000085f00000| Untracked 
|  58|0x0000000086000000, 0x0000000086000000, 0x0000000086100000|  0%| F|  |TAMS 0x0000000086000000, 0x0000000086000000| Untracked 
|  59|0x0000000086100000, 0x0000000086100000, 0x0000000086200000|  0%| F|  |TAMS 0x0000000086100000, 0x0000000086100000| Untracked 
|  60|0x0000000086200000, 0x0000000086280800, 0x0000000086300000| 50%| E|  |TAMS 0x0000000086200000, 0x0000000086200000| Complete 
|  61|0x0000000086300000, 0x0000000086400000, 0x0000000086400000|100%| E|CS|TAMS 0x0000000086300000, 0x0000000086300000| Complete 
|  62|0x0000000086400000, 0x0000000086500000, 0x0000000086500000|100%| E|CS|TAMS 0x0000000086400000, 0x0000000086400000| Complete 
|  63|0x0000000086500000, 0x0000000086600000, 0x0000000086600000|100%| E|CS|TAMS 0x0000000086500000, 0x0000000086500000| Complete 
|  64|0x0000000086600000, 0x0000000086700000, 0x0000000086700000|100%| E|CS|TAMS 0x0000000086600000, 0x0000000086600000| Complete 
|  65|0x0000000086700000, 0x0000000086800000, 0x0000000086800000|100%| E|CS|TAMS 0x0000000086700000, 0x0000000086700000| Complete 
|  66|0x0000000086800000, 0x0000000086900000, 0x0000000086900000|100%| E|CS|TAMS 0x0000000086800000, 0x0000000086800000| Complete 
|  67|0x0000000086900000, 0x0000000086a00000, 0x0000000086a00000|100%| E|CS|TAMS 0x0000000086900000, 0x0000000086900000| Complete 
|  68|0x0000000086a00000, 0x0000000086adc708, 0x0000000086b00000| 86%| S|CS|TAMS 0x0000000086a00000, 0x0000000086a00000| Complete 
|  69|0x0000000086b00000, 0x0000000086c00000, 0x0000000086c00000|100%| S|CS|TAMS 0x0000000086b00000, 0x0000000086b00000| Complete 
|  70|0x0000000086c00000, 0x0000000086d00000, 0x0000000086d00000|100%| S|CS|TAMS 0x0000000086c00000, 0x0000000086c00000| Complete 
|  71|0x0000000086d00000, 0x0000000086e00000, 0x0000000086e00000|100%| E|CS|TAMS 0x0000000086d00000, 0x0000000086d00000| Complete 
|  72|0x0000000086e00000, 0x0000000086f00000, 0x0000000086f00000|100%| E|CS|TAMS 0x0000000086e00000, 0x0000000086e00000| Complete 
|  73|0x0000000086f00000, 0x0000000087000000, 0x0000000087000000|100%| E|CS|TAMS 0x0000000086f00000, 0x0000000086f00000| Complete 
|  74|0x0000000087000000, 0x0000000087100000, 0x0000000087100000|100%| E|CS|TAMS 0x0000000087000000, 0x0000000087000000| Complete 
|  75|0x0000000087100000, 0x0000000087200000, 0x0000000087200000|100%| E|CS|TAMS 0x0000000087100000, 0x0000000087100000| Complete 
| 125|0x000000008a300000, 0x000000008a400000, 0x000000008a400000|100%| E|CS|TAMS 0x000000008a300000, 0x000000008a300000| Complete 

Card table byte_map: [0x000001bd7ccb0000,0x000001bd7d0a0000] _byte_map_base: 0x000001bd7c89d000

Marking Bits (Prev, Next): (CMBitMap*) 0x000001bd71f87b40, (CMBitMap*) 0x000001bd71f87b80
 Prev Bits: [0x000001bd7d490000, 0x000001bd7f3f8000)
 Next Bits: [0x000001bd00000000, 0x000001bd01f68000)

Polling page: 0x000001bd6fee0000

Metaspace:

Usage:
  Non-class:     33.41 MB used.
      Class:      5.47 MB used.
       Both:     38.87 MB used.

Virtual space:
  Non-class space:       64.00 MB reserved,      33.56 MB ( 52%) committed,  1 nodes.
      Class space:        1.00 GB reserved,       5.62 MB ( <1%) committed,  1 nodes.
             Both:        1.06 GB reserved,      39.19 MB (  4%) committed. 

Chunk freelists:
   Non-Class:  14.09 MB
       Class:  10.41 MB
        Both:  24.50 MB

MaxMetaspaceSize: unlimited
CompressedClassSpaceSize: 1.00 GB
Initial GC threshold: 21.00 MB
Current GC threshold: 59.19 MB
CDS: on
MetaspaceReclaimPolicy: balanced
 - commit_granule_bytes: 65536.
 - commit_granule_words: 8192.
 - virtual_space_node_default_size: 8388608.
 - enlarge_chunks_in_place: 1.
 - new_chunks_are_fully_committed: 0.
 - uncommit_free_chunks: 1.
 - use_allocation_guard: 0.
 - handle_deallocations: 1.


Internal statistics:

num_allocs_failed_limit: 6.
num_arena_births: 396.
num_arena_deaths: 0.
num_vsnodes_births: 2.
num_vsnodes_deaths: 0.
num_space_committed: 627.
num_space_uncommitted: 0.
num_chunks_returned_to_freelist: 6.
num_chunks_taken_from_freelist: 1776.
num_chunk_merges: 6.
num_chunk_splits: 1252.
num_chunks_enlarged: 963.
num_purges: 0.
num_inconsistent_stats: 0.

CodeCache: size=49152Kb used=9400Kb max_used=9400Kb free=39751Kb
 bounds [0x000001bd797b0000, 0x000001bd7a0e0000, 0x000001bd7c7b0000]
 total_blobs=4961 nmethods=4417 adapters=469
 compilation: enabled
              stopped_count=0, restarted_count=0
 full_count=0

Compilation events (20 events):
Event: 9.323 Thread 0x000001bd49259510 4408       1       com.mysql.cj.Collation::<init> (29 bytes)
Event: 9.323 Thread 0x000001bd7fec9a20 4409       1       com.mysql.cj.CharsetMapping::getStaticMysqlCharsetByName (13 bytes)
Event: 9.323 Thread 0x000001bd499dd380 4410       1       com.mysql.cj.Collation::<init> (17 bytes)
Event: 9.323 Thread 0x000001bd7fec9a20 nmethod 4409 0x000001bd7a0dbc10 code [0x000001bd7a0dbdc0, 0x000001bd7a0dbf88]
Event: 9.323 Thread 0x000001bd49259510 nmethod 4408 0x000001bd7a0dc090 code [0x000001bd7a0dc220, 0x000001bd7a0dc3a8]
Event: 9.323 Thread 0x000001bd49259510 4411       1       java.lang.Integer::compareTo (9 bytes)
Event: 9.323 Thread 0x000001bd7fec9a20 4412       1       java.lang.Integer::compareTo (12 bytes)
Event: 9.324 Thread 0x000001bd499dd380 nmethod 4410 0x000001bd7a0dc490 code [0x000001bd7a0dc640, 0x000001bd7a0dc968]
Event: 9.324 Thread 0x000001bd7fec9a20 nmethod 4412 0x000001bd7a0dca90 code [0x000001bd7a0dcc20, 0x000001bd7a0dcd38]
Event: 9.324 Thread 0x000001bd49259510 nmethod 4411 0x000001bd7a0dce10 code [0x000001bd7a0dcfa0, 0x000001bd7a0dd0f8]
Event: 9.346 Thread 0x000001bd49259510 4413       1       java.util.regex.ASCII::isType (15 bytes)
Event: 9.346 Thread 0x000001bd499dd380 4414       1       java.util.regex.ASCII::getType (17 bytes)
Event: 9.346 Thread 0x000001bd49259510 nmethod 4413 0x000001bd7a0dd190 code [0x000001bd7a0dd320, 0x000001bd7a0dd438]
Event: 9.346 Thread 0x000001bd499dd380 nmethod 4414 0x000001bd7a0dd510 code [0x000001bd7a0dd6a0, 0x000001bd7a0dd7b8]
Event: 9.347 Thread 0x000001bd499dd380 4415       1       java.util.regex.CharPredicates$$Lambda$47/0x800000055::is (5 bytes)
Event: 9.347 Thread 0x000001bd49259510 4416       1       java.util.regex.CharPredicates::lambda$ASCII_SPACE$20 (20 bytes)
Event: 9.347 Thread 0x000001bd7fec9a20 4417       1       java.util.regex.ASCII::isSpace (8 bytes)
Event: 9.347 Thread 0x000001bd7fec9a20 nmethod 4417 0x000001bd7a0ddc10 code [0x000001bd7a0ddda0, 0x000001bd7a0ddeb8]
Event: 9.347 Thread 0x000001bd49259510 nmethod 4416 0x000001bd7a0dd890 code [0x000001bd7a0dda20, 0x000001bd7a0ddb58]
Event: 9.347 Thread 0x000001bd499dd380 nmethod 4415 0x000001bd7a0ddf90 code [0x000001bd7a0de120, 0x000001bd7a0de298]

GC Heap History (18 events):
Event: 1.868 GC heap before
{Heap before GC invocations=0 (full 0):
 garbage-first heap   total 129024K, used 23552K [0x0000000082600000, 0x0000000100000000)
  region size 1024K, 23 young (23552K), 0 survivors (0K)
 Metaspace       used 6391K, committed 6656K, reserved 1114112K
  class space    used 786K, committed 896K, reserved 1048576K
}
Event: 1.882 GC heap after
{Heap after GC invocations=1 (full 0):
 garbage-first heap   total 129024K, used 10977K [0x0000000082600000, 0x0000000100000000)
  region size 1024K, 3 young (3072K), 3 survivors (3072K)
 Metaspace       used 6391K, committed 6656K, reserved 1114112K
  class space    used 786K, committed 896K, reserved 1048576K
}
Event: 2.736 GC heap before
{Heap before GC invocations=1 (full 0):
 garbage-first heap   total 129024K, used 29409K [0x0000000082600000, 0x0000000100000000)
  region size 1024K, 21 young (21504K), 3 survivors (3072K)
 Metaspace       used 10471K, committed 10752K, reserved 1114112K
  class space    used 1401K, committed 1536K, reserved 1048576K
}
Event: 2.747 GC heap after
{Heap after GC invocations=2 (full 0):
 garbage-first heap   total 129024K, used 13125K [0x0000000082600000, 0x0000000100000000)
  region size 1024K, 2 young (2048K), 2 survivors (2048K)
 Metaspace       used 10471K, committed 10752K, reserved 1114112K
  class space    used 1401K, committed 1536K, reserved 1048576K
}
Event: 4.197 GC heap before
{Heap before GC invocations=2 (full 0):
 garbage-first heap   total 129024K, used 55109K [0x0000000082600000, 0x0000000100000000)
  region size 1024K, 44 young (45056K), 2 survivors (2048K)
 Metaspace       used 18351K, committed 18688K, reserved 1114112K
  class space    used 2488K, committed 2624K, reserved 1048576K
}
Event: 4.207 GC heap after
{Heap after GC invocations=3 (full 0):
 garbage-first heap   total 129024K, used 15365K [0x0000000082600000, 0x0000000100000000)
  region size 1024K, 5 young (5120K), 5 survivors (5120K)
 Metaspace       used 18351K, committed 18688K, reserved 1114112K
  class space    used 2488K, committed 2624K, reserved 1048576K
}
Event: 5.568 GC heap before
{Heap before GC invocations=3 (full 0):
 garbage-first heap   total 129024K, used 60421K [0x0000000082600000, 0x0000000100000000)
  region size 1024K, 50 young (51200K), 5 survivors (5120K)
 Metaspace       used 21274K, committed 21504K, reserved 1114112K
  class space    used 2901K, committed 3008K, reserved 1048576K
}
Event: 5.581 GC heap after
{Heap after GC invocations=4 (full 0):
 garbage-first heap   total 129024K, used 17986K [0x0000000082600000, 0x0000000100000000)
  region size 1024K, 7 young (7168K), 7 survivors (7168K)
 Metaspace       used 21274K, committed 21504K, reserved 1114112K
  class space    used 2901K, committed 3008K, reserved 1048576K
}
Event: 6.578 GC heap before
{Heap before GC invocations=5 (full 0):
 garbage-first heap   total 65536K, used 48706K [0x0000000082600000, 0x0000000100000000)
  region size 1024K, 38 young (38912K), 7 survivors (7168K)
 Metaspace       used 24247K, committed 24512K, reserved 1114112K
  class space    used 3322K, committed 3456K, reserved 1048576K
}
Event: 6.597 GC heap after
{Heap after GC invocations=6 (full 0):
 garbage-first heap   total 65536K, used 19499K [0x0000000082600000, 0x0000000100000000)
  region size 1024K, 2 young (2048K), 2 survivors (2048K)
 Metaspace       used 24247K, committed 24512K, reserved 1114112K
  class space    used 3322K, committed 3456K, reserved 1048576K
}
Event: 7.486 GC heap before
{Heap before GC invocations=6 (full 0):
 garbage-first heap   total 65536K, used 45099K [0x0000000082600000, 0x0000000100000000)
  region size 1024K, 27 young (27648K), 2 survivors (2048K)
 Metaspace       used 28408K, committed 28736K, reserved 1114112K
  class space    used 3983K, committed 4096K, reserved 1048576K
}
Event: 7.500 GC heap after
{Heap after GC invocations=7 (full 0):
 garbage-first heap   total 65536K, used 22007K [0x0000000082600000, 0x0000000100000000)
  region size 1024K, 4 young (4096K), 4 survivors (4096K)
 Metaspace       used 28408K, committed 28736K, reserved 1114112K
  class space    used 3983K, committed 4096K, reserved 1048576K
}
Event: 8.048 GC heap before
{Heap before GC invocations=7 (full 0):
 garbage-first heap   total 65536K, used 45559K [0x0000000082600000, 0x0000000100000000)
  region size 1024K, 28 young (28672K), 4 survivors (4096K)
 Metaspace       used 30883K, committed 31232K, reserved 1114112K
  class space    used 4255K, committed 4416K, reserved 1048576K
}
Event: 8.061 GC heap after
{Heap after GC invocations=8 (full 0):
 garbage-first heap   total 65536K, used 23728K [0x0000000082600000, 0x0000000100000000)
  region size 1024K, 2 young (2048K), 2 survivors (2048K)
 Metaspace       used 30883K, committed 31232K, reserved 1114112K
  class space    used 4255K, committed 4416K, reserved 1048576K
}
Event: 8.680 GC heap before
{Heap before GC invocations=8 (full 0):
 garbage-first heap   total 65536K, used 47280K [0x0000000082600000, 0x0000000100000000)
  region size 1024K, 26 young (26624K), 2 survivors (2048K)
 Metaspace       used 34669K, committed 35008K, reserved 1114112K
  class space    used 4795K, committed 4928K, reserved 1048576K
}
Event: 8.684 GC heap after
{Heap after GC invocations=9 (full 0):
 garbage-first heap   total 78848K, used 24548K [0x0000000082600000, 0x0000000100000000)
  region size 1024K, 3 young (3072K), 3 survivors (3072K)
 Metaspace       used 34669K, committed 35008K, reserved 1114112K
  class space    used 4795K, committed 4928K, reserved 1048576K
}
Event: 8.841 GC heap before
{Heap before GC invocations=9 (full 0):
 garbage-first heap   total 78848K, used 29668K [0x0000000082600000, 0x0000000100000000)
  region size 1024K, 9 young (9216K), 3 survivors (3072K)
 Metaspace       used 35809K, committed 36096K, reserved 1114112K
  class space    used 5005K, committed 5120K, reserved 1048576K
}
Event: 8.844 GC heap after
{Heap after GC invocations=10 (full 0):
 garbage-first heap   total 78848K, used 24914K [0x0000000082600000, 0x0000000100000000)
  region size 1024K, 3 young (3072K), 3 survivors (3072K)
 Metaspace       used 35809K, committed 36096K, reserved 1114112K
  class space    used 5005K, committed 5120K, reserved 1048576K
}

Deoptimization events (8 events):
Event: 3.258 Thread 0x000001bd71f2a210 DEOPT PACKING pc=0x000001bd79ce5a19 sp=0x000000bbe0cfd180
Event: 3.258 Thread 0x000001bd71f2a210 DEOPT UNPACKING pc=0x000001bd79802b43 sp=0x000000bbe0cfc660 mode 3
Event: 5.332 Thread 0x000001bd71f2a210 DEOPT PACKING pc=0x000001bd79d27da4 sp=0x000000bbe0cfd690
Event: 5.332 Thread 0x000001bd71f2a210 DEOPT UNPACKING pc=0x000001bd79802b43 sp=0x000000bbe0cfcbe8 mode 0
Event: 6.910 Thread 0x000001bd71f2a210 DEOPT PACKING pc=0x000001bd79fa2d19 sp=0x000000bbe0cfcc90
Event: 6.910 Thread 0x000001bd71f2a210 DEOPT UNPACKING pc=0x000001bd79802b43 sp=0x000000bbe0cfc170 mode 3
Event: 8.152 Thread 0x000001bd71f2a210 DEOPT PACKING pc=0x000001bd7a05721d sp=0x000000bbe0cfc5b0
Event: 8.152 Thread 0x000001bd71f2a210 DEOPT UNPACKING pc=0x000001bd79802b43 sp=0x000000bbe0cfbb18 mode 3

Classes unloaded (0 events):
No events

Classes redefined (0 events):
No events

Internal exceptions (20 events):
Event: 7.116 Thread 0x000001bd71f2a210 Exception <a 'java/lang/ClassNotFoundException'{0x00000000857cddb8}: org/springframework/core/OrderedCustomizer> (0x00000000857cddb8) 
thrown [s\open\src\hotspot\share\classfile\systemDictionary.cpp, line 256]
Event: 7.127 Thread 0x000001bd71f2a210 Exception <a 'java/lang/ClassNotFoundException'{0x00000000857de9a0}: java/lang/ObjectCustomizer> (0x00000000857de9a0) 
thrown [s\open\src\hotspot\share\classfile\systemDictionary.cpp, line 256]
Event: 7.128 Thread 0x000001bd71f2a210 Exception <a 'java/lang/ClassNotFoundException'{0x00000000857e8c38}: org/springframework/transaction/annotation/AbstractTransactionManagementConfigurationCustomizer> (0x00000000857e8c38) 
thrown [s\open\src\hotspot\share\classfile\systemDictionary.cpp, line 256]
Event: 7.129 Thread 0x000001bd71f2a210 Exception <a 'java/lang/ClassNotFoundException'{0x00000000857f1ed8}: org/springframework/transaction/annotation/ProxyTransactionManagementConfigurationCustomizer> (0x00000000857f1ed8) 
thrown [s\open\src\hotspot\share\classfile\systemDictionary.cpp, line 256]
Event: 7.130 Thread 0x000001bd71f2a210 Exception <a 'java/lang/ClassNotFoundException'{0x00000000857fbc60}: org/springframework/context/annotation/ImportAwareCustomizer> (0x00000000857fbc60) 
thrown [s\open\src\hotspot\share\classfile\systemDictionary.cpp, line 256]
Event: 7.131 Thread 0x000001bd71f2a210 Exception <a 'java/lang/ClassNotFoundException'{0x0000000085602650}: org/springframework/beans/factory/AwareCustomizer> (0x0000000085602650) 
thrown [s\open\src\hotspot\share\classfile\systemDictionary.cpp, line 256]
Event: 7.225 Thread 0x000001bd71f2a210 Exception <a 'java/lang/NoSuchMethodError'{0x00000000855c09d0}: 'java.lang.Object java.lang.invoke.DirectMethodHandle$Holder.invokeSpecialIFC(java.lang.Object, java.lang.Object, java.lang.Object)'> (0x00000000855c09d0) 
thrown [s\open\src\hotspot\share\interpreter\linkResolver.cpp, line 759]
Event: 7.333 Thread 0x000001bd71f2a210 Exception <a 'java/lang/NoSuchMethodError'{0x000000008535d990}: 'int java.lang.invoke.DirectMethodHandle$Holder.invokeSpecial(java.lang.Object, java.lang.Object, java.lang.Object, java.lang.Object, java.lang.Object)'> (0x000000008535d990) 
thrown [s\open\src\hotspot\share\interpreter\linkResolver.cpp, line 759]
Event: 7.416 Thread 0x000001bd71f2a210 Exception <a 'java/lang/NoSuchMethodError'{0x00000000850fe620}: 'void java.lang.invoke.DirectMethodHandle$Holder.invokeInterface(java.lang.Object, java.lang.Object, int)'> (0x00000000850fe620) 
thrown [s\open\src\hotspot\share\interpreter\linkResolver.cpp, line 759]
Event: 7.421 Thread 0x000001bd49cedc90 Exception <a 'java/lang/reflect/InvocationTargetException'{0x0000000084f90c80}> (0x0000000084f90c80) 
thrown [s\open\src\hotspot\share\runtime\reflection.cpp, line 1121]
Event: 7.423 Thread 0x000001bd71f2a210 Exception <a 'java/lang/IncompatibleClassChangeError'{0x0000000084f4e168}: Found class java.lang.Object, but interface was expected> (0x0000000084f4e168) 
thrown [s\open\src\hotspot\share\interpreter\linkResolver.cpp, line 826]
Event: 7.424 Thread 0x000001bd71f2a210 Exception <a 'java/lang/NoSuchMethodError'{0x0000000084f532f0}: 'void java.lang.invoke.DirectMethodHandle$Holder.invokeStatic(java.lang.Object, int, java.lang.Object)'> (0x0000000084f532f0) 
thrown [s\open\src\hotspot\share\interpreter\linkResolver.cpp, line 759]
Event: 7.428 Thread 0x000001bd71f2a210 Exception <a 'java/lang/NoSuchMethodError'{0x0000000084fa6d18}: 'int java.lang.invoke.DirectMethodHandle$Holder.invokeSpecial(java.lang.Object, java.lang.Object, int)'> (0x0000000084fa6d18) 
thrown [s\open\src\hotspot\share\interpreter\linkResolver.cpp, line 759]
Event: 7.931 Thread 0x000001bd49cedc90 Exception <a 'java/lang/reflect/InvocationTargetException'{0x0000000085105928}> (0x0000000085105928) 
thrown [s\open\src\hotspot\share\runtime\reflection.cpp, line 1121]
Event: 7.938 Thread 0x000001bd71f2a210 Exception <a 'java/io/FileNotFoundException'{0x00000000852cc318}> (0x00000000852cc318) 
thrown [s\open\src\hotspot\share\prims\jni.cpp, line 516]
Event: 8.036 Thread 0x000001bd71f2a210 Exception <a 'java/lang/NoSuchMethodError'{0x0000000084e82be0}: 'int java.lang.invoke.DirectMethodHandle$Holder.invokeInterface(java.lang.Object, java.lang.Object, java.lang.Object, java.lang.Object)'> (0x0000000084e82be0) 
thrown [s\open\src\hotspot\share\interpreter\linkResolver.cpp, line 759]
Event: 8.163 Thread 0x000001bd71f2a210 Exception <a 'java/lang/NoSuchMethodError'{0x0000000086e82970}: 'long java.lang.invoke.DirectMethodHandle$Holder.invokeVirtual(java.lang.Object, java.lang.Object)'> (0x0000000086e82970) 
thrown [s\open\src\hotspot\share\interpreter\linkResolver.cpp, line 759]
Event: 8.168 Thread 0x000001bd71f2a210 Exception <a 'java/io/FileNotFoundException'{0x0000000086eb3228}> (0x0000000086eb3228) 
thrown [s\open\src\hotspot\share\prims\jni.cpp, line 516]
Event: 8.439 Thread 0x000001bd49cedc90 Exception <a 'java/lang/reflect/InvocationTargetException'{0x00000000854069f0}> (0x00000000854069f0) 
thrown [s\open\src\hotspot\share\runtime\reflection.cpp, line 1121]
Event: 8.949 Thread 0x000001bd49cedc90 Exception <a 'java/lang/reflect/InvocationTargetException'{0x00000000870b7e90}> (0x00000000870b7e90) 
thrown [s\open\src\hotspot\share\runtime\reflection.cpp, line 1121]

VM Operations (20 events):
Event: 8.120 Executing VM operation: HandshakeAllThreads
Event: 8.120 Executing VM operation: HandshakeAllThreads done
Event: 8.120 Executing VM operation: HandshakeAllThreads
Event: 8.120 Executing VM operation: HandshakeAllThreads done
Event: 8.152 Executing VM operation: HandshakeAllThreads
Event: 8.152 Executing VM operation: HandshakeAllThreads done
Event: 8.172 Executing VM operation: HandshakeAllThreads
Event: 8.172 Executing VM operation: HandshakeAllThreads done
Event: 8.206 Executing VM operation: HandshakeAllThreads
Event: 8.206 Executing VM operation: HandshakeAllThreads done
Event: 8.245 Executing VM operation: HandshakeAllThreads
Event: 8.245 Executing VM operation: HandshakeAllThreads done
Event: 8.680 Executing VM operation: G1CollectForAllocation
Event: 8.684 Executing VM operation: G1CollectForAllocation done
Event: 8.841 Executing VM operation: CollectForMetadataAllocation
Event: 8.844 Executing VM operation: CollectForMetadataAllocation done
Event: 8.876 Executing VM operation: G1Concurrent
Event: 8.879 Executing VM operation: G1Concurrent done
Event: 8.889 Executing VM operation: G1Concurrent
Event: 8.890 Executing VM operation: G1Concurrent done

Events (20 events):
Event: 9.356 loading class java/lang/invoke/VarHandleReferences$FieldStaticReadOnly
Event: 9.357 loading class java/lang/invoke/VarHandleReferences$FieldStaticReadOnly done
Event: 9.357 loading class java/lang/invoke/VarHandleReferences$FieldStaticReadWrite done
Event: 9.358 loading class javax/net/ssl/SSLContextSpi
Event: 9.358 loading class javax/net/ssl/SSLContextSpi done
Event: 9.358 loading class sun/security/ssl/SSLContextImpl$TLSContext
Event: 9.358 loading class sun/security/ssl/SSLContextImpl$CustomizedTLSContext
Event: 9.358 loading class sun/security/ssl/SSLContextImpl$AbstractTLSContext
Event: 9.359 loading class sun/security/ssl/SSLContextImpl
Event: 9.359 loading class sun/security/ssl/SSLContextImpl done
Event: 9.359 loading class sun/security/ssl/SSLContextImpl$AbstractTLSContext done
Event: 9.359 loading class sun/security/ssl/SSLContextImpl$CustomizedTLSContext done
Event: 9.359 loading class sun/security/ssl/SSLContextImpl$TLSContext done
Event: 9.360 loading class sun/security/ssl/SSLLogger
Event: 9.360 loading class sun/security/ssl/SSLLogger done
Event: 9.360 loading class sun/security/ssl/ProtocolVersion
Event: 9.361 loading class sun/security/ssl/ProtocolVersion done
Event: 9.361 loading class sun/security/ssl/SSLAlgorithmConstraints
Event: 9.361 loading class sun/security/ssl/SSLAlgorithmConstraints done
Event: 9.361 loading class sun/security/util/DisabledAlgorithmConstraints


Dynamic libraries:
0x00007ff786720000 - 0x00007ff786730000 	C:\Program Files\Java\jdk-17\bin\java.exe
0x00007fff70bf0000 - 0x00007fff70e06000 	C:\WINDOWS\SYSTEM32\ntdll.dll
0x00007fff6ed00000 - 0x00007fff6edc4000 	C:\WINDOWS\System32\KERNEL32.DLL
0x00007fff6e260000 - 0x00007fff6e606000 	C:\WINDOWS\System32\KERNELBASE.dll
0x00007fff6e6e0000 - 0x00007fff6e7f1000 	C:\WINDOWS\System32\ucrtbase.dll
0x00007fff5e450000 - 0x00007fff5e469000 	C:\Program Files\Java\jdk-17\bin\jli.dll
0x00007fff5e320000 - 0x00007fff5e33b000 	C:\Program Files\Java\jdk-17\bin\VCRUNTIME140.dll
0x00007fff6f670000 - 0x00007fff6f722000 	C:\WINDOWS\System32\ADVAPI32.dll
0x00007fff6f560000 - 0x00007fff6f607000 	C:\WINDOWS\System32\msvcrt.dll
0x00007fff6f0f0000 - 0x00007fff6f198000 	C:\WINDOWS\System32\sechost.dll
0x00007fff6e610000 - 0x00007fff6e638000 	C:\WINDOWS\System32\bcrypt.dll
0x00007fff6f980000 - 0x00007fff6fa95000 	C:\WINDOWS\System32\RPCRT4.dll
0x00007fff704f0000 - 0x00007fff7069d000 	C:\WINDOWS\System32\USER32.dll
0x00007fff6e230000 - 0x00007fff6e256000 	C:\WINDOWS\System32\win32u.dll
0x00007fff5a530000 - 0x00007fff5a7c3000 	C:\WINDOWS\WinSxS\amd64_microsoft.windows.common-controls_6595b64144ccf1df_6.0.22621.3235_none_270f74e173860f98\COMCTL32.dll
0x00007fff6f1a0000 - 0x00007fff6f1c9000 	C:\WINDOWS\System32\GDI32.dll
0x00007fff6df30000 - 0x00007fff6e048000 	C:\WINDOWS\System32\gdi32full.dll
0x00007fff6e640000 - 0x00007fff6e6da000 	C:\WINDOWS\System32\msvcp_win.dll
0x00007fff620c0000 - 0x00007fff620ca000 	C:\WINDOWS\SYSTEM32\VERSION.dll
0x00007fff6e940000 - 0x00007fff6e971000 	C:\WINDOWS\System32\IMM32.DLL
0x00007fff67f00000 - 0x00007fff67f0c000 	C:\Program Files\Java\jdk-17\bin\vcruntime140_1.dll
0x00007fff53060000 - 0x00007fff530ee000 	C:\Program Files\Java\jdk-17\bin\msvcp140.dll
0x00007fff0e920000 - 0x00007fff0f4fe000 	C:\Program Files\Java\jdk-17\bin\server\jvm.dll
0x00007fff70ba0000 - 0x00007fff70ba8000 	C:\WINDOWS\System32\PSAPI.DLL
0x00007fff6acd0000 - 0x00007fff6acd9000 	C:\WINDOWS\SYSTEM32\WSOCK32.dll
0x00007fff64a10000 - 0x00007fff64a44000 	C:\WINDOWS\SYSTEM32\WINMM.dll
0x00007fff6ec80000 - 0x00007fff6ecf1000 	C:\WINDOWS\System32\WS2_32.dll
0x00007fff6cf30000 - 0x00007fff6cf48000 	C:\WINDOWS\SYSTEM32\kernel.appcore.dll
0x00007fff63ed0000 - 0x00007fff63eda000 	C:\Program Files\Java\jdk-17\bin\jimage.dll
0x00007fff6b8b0000 - 0x00007fff6bae3000 	C:\WINDOWS\SYSTEM32\DBGHELP.DLL
0x00007fff6f1d0000 - 0x00007fff6f558000 	C:\WINDOWS\System32\combase.dll
0x00007fff6f8a0000 - 0x00007fff6f977000 	C:\WINDOWS\System32\OLEAUT32.dll
0x00007fff503b0000 - 0x00007fff503e2000 	C:\WINDOWS\SYSTEM32\dbgcore.DLL
0x00007fff6e8c0000 - 0x00007fff6e93a000 	C:\WINDOWS\System32\bcryptPrimitives.dll
0x00007fff684b0000 - 0x00007fff684be000 	C:\Program Files\Java\jdk-17\bin\instrument.dll
0x00007fff5cc60000 - 0x00007fff5cc85000 	C:\Program Files\Java\jdk-17\bin\java.dll
0x00007fff34230000 - 0x00007fff34307000 	C:\Program Files\Java\jdk-17\bin\jsvml.dll
0x00007fff6fb70000 - 0x00007fff703cd000 	C:\WINDOWS\System32\SHELL32.dll
0x00007fff6be40000 - 0x00007fff6c738000 	C:\WINDOWS\SYSTEM32\windows.storage.dll
0x00007fff6bd00000 - 0x00007fff6be3e000 	C:\WINDOWS\SYSTEM32\wintypes.dll
0x00007fff6eff0000 - 0x00007fff6f0e3000 	C:\WINDOWS\System32\SHCORE.dll
0x00007fff703d0000 - 0x00007fff7042e000 	C:\WINDOWS\System32\shlwapi.dll
0x00007fff6de60000 - 0x00007fff6de86000 	C:\WINDOWS\SYSTEM32\profapi.dll
0x00007fff5bd70000 - 0x00007fff5bd88000 	C:\Program Files\Java\jdk-17\bin\zip.dll
0x00007fff5d600000 - 0x00007fff5d619000 	C:\Program Files\Java\jdk-17\bin\net.dll
0x00007fff65690000 - 0x00007fff657c7000 	C:\WINDOWS\SYSTEM32\WINHTTP.dll
0x00007fff6d3b0000 - 0x00007fff6d419000 	C:\WINDOWS\system32\mswsock.dll
0x00007fff5d210000 - 0x00007fff5d226000 	C:\Program Files\Java\jdk-17\bin\nio.dll
0x00007fff5d920000 - 0x00007fff5d93a000 	F:\IntelliJ IDEA 2023.2.1\bin\breakgen64.dll
0x00007fff6ca10000 - 0x00007fff6cb09000 	C:\WINDOWS\SYSTEM32\DNSAPI.dll
0x00007fff6c9a0000 - 0x00007fff6c9cd000 	C:\WINDOWS\SYSTEM32\IPHLPAPI.DLL
0x00007fff6f890000 - 0x00007fff6f899000 	C:\WINDOWS\System32\NSI.dll
0x00007fff5ce80000 - 0x00007fff5ce8a000 	C:\Windows\System32\rasadhlp.dll
0x00007fff62690000 - 0x00007fff62713000 	C:\WINDOWS\System32\fwpuclnt.dll
0x00007fff5df70000 - 0x00007fff5df7a000 	C:\Program Files\Java\jdk-17\bin\management.dll
0x00007fff5d940000 - 0x00007fff5d94b000 	C:\Program Files\Java\jdk-17\bin\management_ext.dll
0x00007fff6d5d0000 - 0x00007fff6d5eb000 	C:\WINDOWS\SYSTEM32\CRYPTSP.dll
0x00007fff6ce90000 - 0x00007fff6cec5000 	C:\WINDOWS\system32\rsaenh.dll
0x00007fff6d470000 - 0x00007fff6d49c000 	C:\WINDOWS\SYSTEM32\USERENV.dll
0x00007fff6d5f0000 - 0x00007fff6d5fc000 	C:\WINDOWS\SYSTEM32\CRYPTBASE.dll
0x00007fff64ed0000 - 0x00007fff64ee9000 	C:\WINDOWS\SYSTEM32\dhcpcsvc6.DLL
0x00007fff649f0000 - 0x00007fff64a0f000 	C:\WINDOWS\SYSTEM32\dhcpcsvc.DLL
0x00007fff3ec40000 - 0x00007fff3ec57000 	C:\WINDOWS\system32\napinsp.dll
0x00007fff3ec20000 - 0x00007fff3ec3b000 	C:\WINDOWS\system32\pnrpnsp.dll
0x00007fff3ec00000 - 0x00007fff3ec11000 	C:\WINDOWS\System32\winrnr.dll
0x00007fff64050000 - 0x00007fff64065000 	C:\WINDOWS\system32\wshbth.dll
0x00007fff3ebd0000 - 0x00007fff3ebf1000 	C:\WINDOWS\system32\nlansp_c.dll
0x00007fff5e310000 - 0x00007fff5e320000 	C:\Program Files\Java\jdk-17\bin\verify.dll
0x00007fff5d910000 - 0x00007fff5d91e000 	C:\Program Files\Java\jdk-17\bin\sunmscapi.dll
0x00007fff6e0c0000 - 0x00007fff6e226000 	C:\WINDOWS\System32\CRYPT32.dll
0x00007fff6d7e0000 - 0x00007fff6d80e000 	C:\WINDOWS\SYSTEM32\ncrypt.dll
0x00007fff6d7a0000 - 0x00007fff6d7d7000 	C:\WINDOWS\SYSTEM32\NTASN1.dll

dbghelp: loaded successfully - version: 4.0.5 - missing functions: none
symbol engine: initialized successfully - sym options: 0x614 - pdb path: .;C:\Program Files\Java\jdk-17\bin;C:\WINDOWS\SYSTEM32;C:\WINDOWS\WinSxS\amd64_microsoft.windows.common-controls_6595b64144ccf1df_6.0.22621.3235_none_270f74e173860f98;C:\Program Files\Java\jdk-17\bin\server;F:\IntelliJ IDEA 2023.2.1\bin

VM Arguments:
jvm_args: -XX:TieredStopAtLevel=1 -Dspring.output.ansi.enabled=always -Dcom.sun.management.jmxremote -Dspring.jmx.enabled=true -Dspring.liveBeansView.mbeanDomain -Dspring.application.admin.enabled=true -Dmanagement.endpoints.jmx.exposure.include=* -javaagent:F:\IntelliJ IDEA 2023.2.1\lib\idea_rt.jar=64287:F:\IntelliJ IDEA 2023.2.1\bin -Dfile.encoding=UTF-8 
java_command: com.web.KhungggApplication
java_class_path (initial): F:\Learn\3Nam4\Nam4_HKII\final\back-end\target\classes;C:\Users\DELL\.m2\repository\org\springframework\boot\spring-boot-starter-data-jdbc\2.7.13\spring-boot-starter-data-jdbc-2.7.13.jar;C:\Users\DELL\.m2\repository\org\springframework\data\spring-data-jdbc\2.4.13\spring-data-jdbc-2.4.13.jar;C:\Users\DELL\.m2\repository\org\springframework\data\spring-data-relational\2.4.13\spring-data-relational-2.4.13.jar;C:\Users\DELL\.m2\repository\org\springframework\data\spring-data-commons\2.7.13\spring-data-commons-2.7.13.jar;C:\Users\DELL\.m2\repository\org\springframework\spring-tx\5.3.28\spring-tx-5.3.28.jar;C:\Users\DELL\.m2\repository\org\slf4j\slf4j-api\1.7.36\slf4j-api-1.7.36.jar;C:\Users\DELL\.m2\repository\org\springframework\boot\spring-boot-starter-data-jpa\2.7.13\spring-boot-starter-data-jpa-2.7.13.jar;C:\Users\DELL\.m2\repository\org\springframework\boot\spring-boot-starter-aop\2.7.13\spring-boot-starter-aop-2.7.13.jar;C:\Users\DELL\.m2\repository\org\aspectj\aspectjweaver\1.9.7\aspectjweaver-1.9.7.jar;C:\Users\DELL\.m2\repository\jakarta\transaction\jakarta.transaction-api\1.3.3\jakarta.transaction-api-1.3.3.jar;C:\Users\DELL\.m2\repository\jakarta\persistence\jakarta.persistence-api\2.2.3\jakarta.persistence-api-2.2.3.jar;C:\Users\DELL\.m2\repository\org\hibernate\hibernate-core\5.6.15.Final\hibernate-core-5.6.15.Final.jar;C:\Users\DELL\.m2\repository\org\jboss\logging\jboss-logging\3.4.3.Final\jboss-logging-3.4.3.Final.jar;C:\Users\DELL\.m2\repository\antlr\antlr\2.7.7\antlr-2.7.7.jar;C:\Users\DELL\.m2\repository\org\jboss\jandex\2.4.2.Final\jandex-2.4.2.Final.jar;C:\Users\DELL\.m2\repository\com\fasterxml\classmate\1.5.1\classmate-1.5.1.jar;C:\Users\DELL\.m2\repository\org\hibernate\common\hibernate-commons-annotations\5.1.2.Final\hibernate-commons-annotations-5.1.2.Final.jar;C:\Users\DELL\.m2\repository\org\glassfish\jaxb\jaxb-runtime\2.3.8\jaxb-runtime-2.3.8.jar;C:\Users\DELL\.m2\repository\org\glassfish\jaxb\txw2\2.3.8\txw2-2.
Launcher Type: SUN_STANDARD

[Global flags]
     intx CICompilerCount                          = 4                                         {product} {ergonomic}
     uint ConcGCThreads                            = 2                                         {product} {ergonomic}
     uint G1ConcRefinementThreads                  = 8                                         {product} {ergonomic}
   size_t G1HeapRegionSize                         = 1048576                                   {product} {ergonomic}
    uintx GCDrainStackTargetSize                   = 64                                        {product} {ergonomic}
   size_t InitialHeapSize                          = 132120576                                 {product} {ergonomic}
     bool ManagementServer                         = true                                      {product} {command line}
   size_t MarkStackSize                            = 4194304                                   {product} {ergonomic}
   size_t MaxHeapSize                              = 2107637760                                {product} {ergonomic}
   size_t MaxNewSize                               = 1264582656                                {product} {ergonomic}
   size_t MinHeapDeltaBytes                        = 1048576                                   {product} {ergonomic}
   size_t MinHeapSize                              = 8388608                                   {product} {ergonomic}
    uintx NonProfiledCodeHeapSize                  = 0                                      {pd product} {ergonomic}
     bool ProfileInterpreter                       = false                                  {pd product} {command line}
    uintx ProfiledCodeHeapSize                     = 0                                      {pd product} {ergonomic}
   size_t SoftMaxHeapSize                          = 2107637760                             {manageable} {ergonomic}
     intx TieredStopAtLevel                        = 1                                         {product} {command line}
     bool UseCompressedClassPointers               = true                           {product lp64_product} {ergonomic}
     bool UseCompressedOops                        = true                           {product lp64_product} {ergonomic}
     bool UseG1GC                                  = true                                      {product} {ergonomic}
     bool UseLargePagesIndividualAllocation        = false                                  {pd product} {ergonomic}

Logging:
Log output configuration:
 #0: stdout all=warning uptime,level,tags
 #1: stderr all=off uptime,level,tags

Environment Variables:
JAVA_HOME=C:\Program Files\Java\jdk-17
PATH=C:\Program Files\Common Files\Oracle\Java\javapath;C:\Program Files (x86)\Common Files\Oracle\Java\javapath;C:\Program Files\Scripts\;C:\Program Files\;C:\WINDOWS\system32;C:\WINDOWS;C:\WINDOWS\System32\Wbem;C:\WINDOWS\System32\WindowsPowerShell\v1.0\;C:\WINDOWS\System32\OpenSSH\;C:\Program Files (x86)\Intel\Intel(R) Management Engine Components\DAL;C:\Program Files\Intel\Intel(R) Management Engine Components\DAL;C:\Program Files\Microsoft SQL Server\130\Tools\Binn\;C:\Program Files\Microsoft SQL Server\Client SDK\ODBC\170\Tools\Binn\;C:\Program Files (x86)\Microsoft SQL Server\150\Tools\Binn\;C:\Program Files\Microsoft SQL Server\150\Tools\Binn\;C:\Program Files\Microsoft SQL Server\150\DTS\Binn\;C:\Program Files (x86)\Microsoft SQL Server\150\DTS\Binn\;C:\apache\apache-maven-3.8.6\bin;C:\Program Files\Git LFS;C:\Users\DELL\AppData\Local\Programs\Python\Python310\;C:\WINDOWS\system32;C:\WINDOWS;C:\WINDOWS\System32\Wbem;C:\WINDOWS\System32\WindowsPowerShell\v1.0\;C:\WINDOWS\System32\OpenSSH\;C:\Program Files\Git\cmd;C:\ProgramData\chocolatey\bin;C:\Users\DELL\AppData\Local\Programs\Python\Python310\Scripts\;C:\Program Files\Java\jdk-17\bin;C:\Program Files\nodejs\;;C:\Program Files\Docker\Docker\resources\bin;C:\Program Files\MySQL\MySQL Shell 8.0\bin\;C:\Users\DELL\AppData\Local\Microsoft\WindowsApps;C:\Users\DELL\AppData\Local\Programs\Microsoft VS Code\bin;C:\Program Files\Azure Data Studio\bin;C:\Program Files\MongoDB\Server\6.0\bin\;F:\WebStorm 2022.2.3\bin;;F:\PyCharm 2022.3\bin;;C:\Users\DELL\AppData\Local\Programs\Python\Python310\Scripts\;C:\Users\DELL\AppData\Local\Programs\Python\Python310\;C:\Users\DELL\google-cloud-sdk\bin;F:\IntelliJ IDEA Community Edition 2022.3.2\bin;;C:\Program Files\heroku\bin;;F:\IntelliJ IDEA 2023.2.1\bin;;C:\Users\DELL\AppData\Roaming\npm
USERNAME=DELL
OS=Windows_NT
PROCESSOR_IDENTIFIER=Intel64 Family 6 Model 142 Stepping 12, GenuineIntel



---------------  S Y S T E M  ---------------

OS:
 Windows 11 , 64 bit Build 22621 (10.0.22621.3235)
OS uptime: 13 days 4:04 hours
Hyper-V role detected

CPU: total 8 (initial active 8) (4 cores per cpu, 2 threads per core) family 6 model 142 stepping 12 microcode 0xf8, cx8, cmov, fxsr, ht, mmx, 3dnowpref, sse, sse2, sse3, ssse3, sse4.1, sse4.2, popcnt, lzcnt, tsc, tscinvbit, avx, avx2, aes, erms, clmul, bmi1, bmi2, adx, fma, vzeroupper, clflush, clflushopt, hv

Memory: 4k page, system-wide physical 8039M (363M free)
TotalPageFile size 23821M (AvailPageFile size 0M)
current process WorkingSet (physical memory assigned to process): 175M, peak: 175M
current process commit charge ("private bytes"): 224M, peak: 248M

vm_info: Java HotSpot(TM) 64-Bit Server VM (17.0.8+9-LTS-211) for windows-amd64 JRE (17.0.8+9-LTS-211), built on Jun 14 2023 10:34:31 by "mach5one" with MS VC++ 17.1 (VS2022)

END.
